-------------------------------------------------------------------------------
Test set: observer.NewsSpreaderBasicTest
-------------------------------------------------------------------------------
Tests run: 3, Failures: 1, Errors: 0, Skipped: 0, Time elapsed: 0.053 s <<< FAILURE! - in observer.NewsSpreaderBasicTest
testSpreadNews  Time elapsed: 0.01 s  <<< FAILURE!
org.opentest4j.AssertionFailedError: Unexpected exception from spreadNews (no redacting): News spreader: Blocked content: InitSource
	at observer.NewsSpreaderBasicTest.testSpreadNews(NewsSpreaderBasicTest.java:68)

